# JRE version: Java(TM) SE Runtime Environment (8.0_121-b13) (build 1.8.0_121-b13)
# Java VM: Java HotSpot(TM) 64-Bit Server VM (25.121-b13 mixed mode windows-amd64 compressed oops)
Heap:
 PSYoungGen      total 407040K, used 76604K [0x00000000d6200000, 0x00000000ef380000, 0x0000000100000000)
  eden space 402944K, 18% used [0x00000000d6200000,0x00000000da8d4ab8,0x00000000eeb80000)
  from space 4096K, 99% used [0x00000000eeb80000,0x00000000eef7a858,0x00000000eef80000)
  to   space 4096K, 0% used [0x00000000eef80000,0x00000000eef80000,0x00000000ef380000)
 ParOldGen       total 76288K, used 13482K [0x0000000082600000, 0x0000000087080000, 0x00000000d6200000)
  object space 76288K, 17% used [0x0000000082600000,0x000000008332ab90,0x0000000087080000)
 Metaspace       used 20122K, capacity 21236K, committed 21504K, reserved 1067008K
  class space    used 2995K, capacity 3217K, committed 3328K, reserved 1048576K
GC Heap History (10 events):
Event: 14.903 GC heap before
{Heap before GC invocations=30 (full 1):
 PSYoungGen      total 407040K, used 404624K [0x00000000d6200000, 0x00000000ef380000, 0x0000000100000000)
  eden space 402944K, 100% used [0x00000000d6200000,0x00000000eeb80000,0x00000000eeb80000)
  from space 4096K, 41% used [0x00000000eef80000,0x00000000ef124010,0x00000000ef380000)
  to   space 4096K, 0% used [0x00000000eeb80000,0x00000000eeb80000,0x00000000eef80000)
 ParOldGen       total 76288K, used 11474K [0x0000000082600000, 0x0000000087080000, 0x00000000d6200000)
  object space 76288K, 15% used [0x0000000082600000,0x0000000083134b90,0x0000000087080000)
 Metaspace       used 20119K, capacity 21236K, committed 21504K, reserved 1067008K
  class space    used 2994K, capacity 3217K, committed 3328K, reserved 1048576K
Event: 14.908 GC heap after
Heap after GC invocations=30 (full 1):
 PSYoungGen      total 407040K, used 2528K [0x00000000d6200000, 0x00000000ef380000, 0x0000000100000000)
  eden space 402944K, 0% used [0x00000000d6200000,0x00000000d6200000,0x00000000eeb80000)
  from space 4096K, 61% used [0x00000000eeb80000,0x00000000eedf8000,0x00000000eef80000)
  to   space 4096K, 0% used [0x00000000eef80000,0x00000000eef80000,0x00000000ef380000)
 ParOldGen       total 76288K, used 11482K [0x0000000082600000, 0x0000000087080000, 0x00000000d6200000)
  object space 76288K, 15% used [0x0000000082600000,0x0000000083136b90,0x0000000087080000)
 Metaspace       used 20119K, capacity 21236K, committed 21504K, reserved 1067008K
  class space    used 2994K, capacity 3217K, committed 3328K, reserved 1048576K
}
Event: 15.066 GC heap before
{Heap before GC invocations=31 (full 1):
 PSYoungGen      total 407040K, used 405472K [0x00000000d6200000, 0x00000000ef380000, 0x0000000100000000)
  eden space 402944K, 100% used [0x00000000d6200000,0x00000000eeb80000,0x00000000eeb80000)
  from space 4096K, 61% used [0x00000000eeb80000,0x00000000eedf8000,0x00000000eef80000)
  to   space 4096K, 0% used [0x00000000eef80000,0x00000000eef80000,0x00000000ef380000)
 ParOldGen       total 76288K, used 11482K [0x0000000082600000, 0x0000000087080000, 0x00000000d6200000)
  object space 76288K, 15% used [0x0000000082600000,0x0000000083136b90,0x0000000087080000)
 Metaspace       used 20119K, capacity 21236K, committed 21504K, reserved 1067008K
  class space    used 2994K, capacity 3217K, committed 3328K, reserved 1048576K
Event: 15.070 GC heap after
Heap after GC invocations=31 (full 1):
 PSYoungGen      total 407040K, used 3424K [0x00000000d6200000, 0x00000000ef380000, 0x0000000100000000)
  eden space 402944K, 0% used [0x00000000d6200000,0x00000000d6200000,0x00000000eeb80000)
  from space 4096K, 83% used [0x00000000eef80000,0x00000000ef2d8000,0x00000000ef380000)
  to   space 4096K, 0% used [0x00000000eeb80000,0x00000000eeb80000,0x00000000eef80000)
 ParOldGen       total 76288K, used 11530K [0x0000000082600000, 0x0000000087080000, 0x00000000d6200000)
  object space 76288K, 15% used [0x0000000082600000,0x0000000083142b90,0x0000000087080000)
 Metaspace       used 20119K, capacity 21236K, committed 21504K, reserved 1067008K
  class space    used 2994K, capacity 3217K, committed 3328K, reserved 1048576K
}
Event: 15.224 GC heap before
{Heap before GC invocations=32 (full 1):
 PSYoungGen      total 407040K, used 406368K [0x00000000d6200000, 0x00000000ef380000, 0x0000000100000000)
  eden space 402944K, 100% used [0x00000000d6200000,0x00000000eeb80000,0x00000000eeb80000)
  from space 4096K, 83% used [0x00000000eef80000,0x00000000ef2d8000,0x00000000ef380000)
  to   space 4096K, 0% used [0x00000000eeb80000,0x00000000eeb80000,0x00000000eef80000)
 ParOldGen       total 76288K, used 11530K [0x0000000082600000, 0x0000000087080000, 0x00000000d6200000)
  object space 76288K, 15% used [0x0000000082600000,0x0000000083142b90,0x0000000087080000)
 Metaspace       used 20119K, capacity 21236K, committed 21504K, reserved 1067008K
  class space    used 2994K, capacity 3217K, committed 3328K, reserved 1048576K
Event: 15.243 GC heap after
Heap after GC invocations=32 (full 1):
 PSYoungGen      total 407040K, used 4081K [0x00000000d6200000, 0x00000000ef380000, 0x0000000100000000)
  eden space 402944K, 0% used [0x00000000d6200000,0x00000000d6200000,0x00000000eeb80000)
  from space 4096K, 99% used [0x00000000eeb80000,0x00000000eef7c490,0x00000000eef80000)
  to   space 4096K, 0% used [0x00000000eef80000,0x00000000eef80000,0x00000000ef380000)
 ParOldGen       total 76288K, used 11698K [0x0000000082600000, 0x0000000087080000, 0x00000000d6200000)
  object space 76288K, 15% used [0x0000000082600000,0x000000008316cb90,0x0000000087080000)
 Metaspace       used 20119K, capacity 21236K, committed 21504K, reserved 1067008K
  class space    used 2994K, capacity 3217K, committed 3328K, reserved 1048576K
}
Event: 15.441 GC heap before
{Heap before GC invocations=33 (full 1):
 PSYoungGen      total 407040K, used 407025K [0x00000000d6200000, 0x00000000ef380000, 0x0000000100000000)
  eden space 402944K, 100% used [0x00000000d6200000,0x00000000eeb80000,0x00000000eeb80000)
  from space 4096K, 99% used [0x00000000eeb80000,0x00000000eef7c490,0x00000000eef80000)
  to   space 4096K, 0% used [0x00000000eef80000,0x00000000eef80000,0x00000000ef380000)
 ParOldGen       total 76288K, used 11698K [0x0000000082600000, 0x0000000087080000, 0x00000000d6200000)
  object space 76288K, 15% used [0x0000000082600000,0x000000008316cb90,0x0000000087080000)
 Metaspace       used 20121K, capacity 21236K, committed 21504K, reserved 1067008K
  class space    used 2994K, capacity 3217K, committed 3328K, reserved 1048576K
Event: 15.448 GC heap after
Heap after GC invocations=33 (full 1):
 PSYoungGen      total 407040K, used 4065K [0x00000000d6200000, 0x00000000ef380000, 0x0000000100000000)
  eden space 402944K, 0% used [0x00000000d6200000,0x00000000d6200000,0x00000000eeb80000)
  from space 4096K, 99% used [0x00000000eef80000,0x00000000ef378480,0x00000000ef380000)
  to   space 4096K, 0% used [0x00000000eeb80000,0x00000000eeb80000,0x00000000eef80000)
 ParOldGen       total 76288K, used 12562K [0x0000000082600000, 0x0000000087080000, 0x00000000d6200000)
  object space 76288K, 16% used [0x0000000082600000,0x0000000083244b90,0x0000000087080000)
 Metaspace       used 20121K, capacity 21236K, committed 21504K, reserved 1067008K
  class space    used 2994K, capacity 3217K, committed 3328K, reserved 1048576K
}
Event: 15.583 GC heap before
{Heap before GC invocations=34 (full 1):
 PSYoungGen      total 407040K, used 407009K [0x00000000d6200000, 0x00000000ef380000, 0x0000000100000000)
  eden space 402944K, 100% used [0x00000000d6200000,0x00000000eeb80000,0x00000000eeb80000)
  from space 4096K, 99% used [0x00000000eef80000,0x00000000ef378480,0x00000000ef380000)
  to   space 4096K, 0% used [0x00000000eeb80000,0x00000000eeb80000,0x00000000eef80000)
 ParOldGen       total 76288K, used 12562K [0x0000000082600000, 0x0000000087080000, 0x00000000d6200000)
  object space 76288K, 16% used [0x0000000082600000,0x0000000083244b90,0x0000000087080000)
 Metaspace       used 20122K, capacity 21236K, committed 21504K, reserved 1067008K
  class space    used 2995K, capacity 3217K, committed 3328K, reserved 1048576K
Event: 15.588 GC heap after
Heap after GC invocations=34 (full 1):
 PSYoungGen      total 407040K, used 4074K [0x00000000d6200000, 0x00000000ef380000, 0x0000000100000000)
  eden space 402944K, 0% used [0x00000000d6200000,0x00000000d6200000,0x00000000eeb80000)
  from space 4096K, 99% used [0x00000000eeb80000,0x00000000eef7a858,0x00000000eef80000)
  to   space 4096K, 0% used [0x00000000eef80000,0x00000000eef80000,0x00000000ef380000)
 ParOldGen       total 76288K, used 13482K [0x0000000082600000, 0x0000000087080000, 0x00000000d6200000)
  object space 76288K, 17% used [0x0000000082600000,0x000000008332ab90,0x0000000087080000)
 Metaspace       used 20122K, capacity 21236K, committed 21504K, reserved 1067008K
  class space    used 2995K, capacity 3217K, committed 3328K, reserved 1048576K
}

